<?xml version="1.0" encoding="UTF-8"?>
<testng-results skipped="0" failed="0" ignored="0" total="1" passed="1">
  <reporter-output>
  </reporter-output>
  <suite name="Default suite" duration-ms="31717" started-at="2020-03-20T11:05:06Z" finished-at="2020-03-20T11:05:38Z">
    <groups>
    </groups>
    <test name="Default test" duration-ms="31717" started-at="2020-03-20T11:05:06Z" finished-at="2020-03-20T11:05:38Z">
      <class name="BCamp.ExpediaUrl">
        <test-method status="PASS" signature="beforeClass()[pri:0, instance:BCamp.ExpediaUrl@548e7350]" name="beforeClass" is-config="true" duration-ms="15685" started-at="2020-03-20T11:05:06Z" finished-at="2020-03-20T11:05:22Z">
          <reporter-output>
          </reporter-output>
        </test-method> <!-- beforeClass -->
        <test-method status="PASS" signature="f()[pri:0, instance:BCamp.ExpediaUrl@548e7350]" name="f" duration-ms="16002" started-at="2020-03-20T11:05:22Z" finished-at="2020-03-20T11:05:38Z">
          <reporter-output>
          </reporter-output>
        </test-method> <!-- f -->
        <test-method status="PASS" signature="afterClass()[pri:0, instance:BCamp.ExpediaUrl@548e7350]" name="afterClass" is-config="true" duration-ms="1" started-at="2020-03-20T11:05:38Z" finished-at="2020-03-20T11:05:38Z">
          <reporter-output>
          </reporter-output>
        </test-method> <!-- afterClass -->
      </class> <!-- BCamp.ExpediaUrl -->
    </test> <!-- Default test -->
  </suite> <!-- Default suite -->
</testng-results>
